2021/06/04 14:15:09 [notice] 1#1: using the "epoll" event method
2021/06/04 14:15:09 [notice] 1#1: nginx/1.19.7
2021/06/04 14:15:09 [notice] 1#1: built by gcc 10.2.1 20201203 (Alpine 10.2.1_pre1) 
2021/06/04 14:15:09 [notice] 1#1: OS: Linux 5.10.25-linuxkit
2021/06/04 14:15:09 [notice] 1#1: getrlimit(RLIMIT_NOFILE): 1048576:1048576
2021/06/04 14:15:09 [notice] 1#1: start worker processes
2021/06/04 14:15:09 [notice] 1#1: start worker process 34
2021/06/04 14:18:07 [info] 34#34: *2 client timed out (110: Operation timed out) while waiting for request, client: 172.18.0.1, server: 0.0.0.0:80
2021/06/04 14:20:08 [info] 34#34: *5 client timed out (110: Operation timed out) while waiting for request, client: 172.18.0.1, server: 0.0.0.0:80
2021/06/04 14:29:15 [notice] 1#1: signal 3 (SIGQUIT) received, shutting down
2021/06/04 14:29:15 [notice] 34#34: gracefully shutting down
2021/06/04 14:29:15 [notice] 34#34: exiting
2021/06/04 14:29:15 [notice] 34#34: exit
2021/06/04 14:29:15 [notice] 1#1: signal 17 (SIGCHLD) received from 34
2021/06/04 14:29:15 [notice] 1#1: worker process 34 exited with code 0
2021/06/04 14:29:15 [notice] 1#1: exit
2021/06/04 14:33:19 [notice] 1#1: using the "epoll" event method
2021/06/04 14:33:19 [notice] 1#1: nginx/1.19.7
2021/06/04 14:33:19 [notice] 1#1: built by gcc 10.2.1 20201203 (Alpine 10.2.1_pre1) 
2021/06/04 14:33:19 [notice] 1#1: OS: Linux 5.10.25-linuxkit
2021/06/04 14:33:19 [notice] 1#1: getrlimit(RLIMIT_NOFILE): 1048576:1048576
2021/06/04 14:33:19 [notice] 1#1: start worker processes
2021/06/04 14:33:19 [notice] 1#1: start worker process 26
2021/06/04 14:36:40 [notice] 1#1: signal 3 (SIGQUIT) received, shutting down
2021/06/04 14:36:40 [notice] 26#26: gracefully shutting down
2021/06/04 14:36:40 [notice] 26#26: exiting
2021/06/04 14:36:40 [notice] 26#26: exit
2021/06/04 14:36:40 [notice] 1#1: signal 17 (SIGCHLD) received from 26
2021/06/04 14:36:40 [notice] 1#1: worker process 26 exited with code 0
2021/06/04 14:36:40 [notice] 1#1: exit
2021/06/04 14:36:56 [notice] 1#1: using the "epoll" event method
2021/06/04 14:36:56 [notice] 1#1: nginx/1.19.7
2021/06/04 14:36:56 [notice] 1#1: built by gcc 10.2.1 20201203 (Alpine 10.2.1_pre1) 
2021/06/04 14:36:56 [notice] 1#1: OS: Linux 5.10.25-linuxkit
2021/06/04 14:36:56 [notice] 1#1: getrlimit(RLIMIT_NOFILE): 1048576:1048576
2021/06/04 14:36:56 [notice] 1#1: start worker processes
2021/06/04 14:36:56 [notice] 1#1: start worker process 25
2021/06/04 14:38:28 [info] 25#25: *1 client timed out (110: Operation timed out) while waiting for request, client: 172.18.0.1, server: 0.0.0.0:80
2021/06/04 14:39:26 [notice] 1#1: signal 3 (SIGQUIT) received, shutting down
2021/06/04 14:39:26 [notice] 25#25: gracefully shutting down
2021/06/04 14:39:26 [notice] 25#25: exiting
2021/06/04 14:39:26 [notice] 25#25: exit
2021/06/04 14:39:26 [notice] 1#1: signal 17 (SIGCHLD) received from 25
2021/06/04 14:39:26 [notice] 1#1: worker process 25 exited with code 0
2021/06/04 14:39:26 [notice] 1#1: exit
2021/06/04 14:40:01 [notice] 1#1: using the "epoll" event method
2021/06/04 14:40:01 [notice] 1#1: nginx/1.19.7
2021/06/04 14:40:01 [notice] 1#1: built by gcc 10.2.1 20201203 (Alpine 10.2.1_pre1) 
2021/06/04 14:40:01 [notice] 1#1: OS: Linux 5.10.25-linuxkit
2021/06/04 14:40:01 [notice] 1#1: getrlimit(RLIMIT_NOFILE): 1048576:1048576
2021/06/04 14:40:01 [notice] 1#1: start worker processes
2021/06/04 14:40:01 [notice] 1#1: start worker process 27
2021/06/04 14:57:51 [notice] 1#1: signal 3 (SIGQUIT) received, shutting down
2021/06/04 14:57:51 [notice] 27#27: gracefully shutting down
2021/06/04 14:57:51 [notice] 27#27: exiting
2021/06/04 14:57:51 [notice] 27#27: exit
2021/06/04 14:57:51 [notice] 1#1: signal 17 (SIGCHLD) received from 27
2021/06/04 14:57:51 [notice] 1#1: worker process 27 exited with code 0
2021/06/04 14:57:51 [notice] 1#1: exit
2021/06/04 15:02:06 [notice] 1#1: using the "epoll" event method
2021/06/04 15:02:06 [notice] 1#1: nginx/1.19.7
2021/06/04 15:02:06 [notice] 1#1: built by gcc 10.2.1 20201203 (Alpine 10.2.1_pre1) 
2021/06/04 15:02:06 [notice] 1#1: OS: Linux 5.10.25-linuxkit
2021/06/04 15:02:06 [notice] 1#1: getrlimit(RLIMIT_NOFILE): 1048576:1048576
2021/06/04 15:02:06 [notice] 1#1: start worker processes
2021/06/04 15:02:06 [notice] 1#1: start worker process 24
2021/06/04 15:06:00 [notice] 1#1: signal 3 (SIGQUIT) received, shutting down
2021/06/04 15:06:00 [notice] 24#24: gracefully shutting down
2021/06/04 15:06:00 [notice] 24#24: exiting
2021/06/04 15:06:00 [notice] 24#24: exit
2021/06/04 15:06:00 [notice] 1#1: signal 17 (SIGCHLD) received from 24
2021/06/04 15:06:00 [notice] 1#1: worker process 24 exited with code 0
2021/06/04 15:06:00 [notice] 1#1: exit
2021/06/04 15:06:17 [notice] 1#1: using the "epoll" event method
2021/06/04 15:06:17 [notice] 1#1: nginx/1.19.7
2021/06/04 15:06:17 [notice] 1#1: built by gcc 10.2.1 20201203 (Alpine 10.2.1_pre1) 
2021/06/04 15:06:17 [notice] 1#1: OS: Linux 5.10.25-linuxkit
2021/06/04 15:06:17 [notice] 1#1: getrlimit(RLIMIT_NOFILE): 1048576:1048576
2021/06/04 15:06:17 [notice] 1#1: start worker processes
2021/06/04 15:06:17 [notice] 1#1: start worker process 26
2021/06/04 15:13:25 [notice] 1#1: signal 3 (SIGQUIT) received, shutting down
2021/06/04 15:13:25 [notice] 26#26: gracefully shutting down
2021/06/04 15:13:25 [notice] 26#26: exiting
2021/06/04 15:13:25 [notice] 26#26: exit
2021/06/04 15:13:25 [notice] 1#1: signal 17 (SIGCHLD) received from 26
2021/06/04 15:13:25 [notice] 1#1: worker process 26 exited with code 0
2021/06/04 15:13:25 [notice] 1#1: exit
2021/06/04 15:13:40 [notice] 1#1: using the "epoll" event method
2021/06/04 15:13:40 [notice] 1#1: nginx/1.19.7
2021/06/04 15:13:40 [notice] 1#1: built by gcc 10.2.1 20201203 (Alpine 10.2.1_pre1) 
2021/06/04 15:13:40 [notice] 1#1: OS: Linux 5.10.25-linuxkit
2021/06/04 15:13:40 [notice] 1#1: getrlimit(RLIMIT_NOFILE): 1048576:1048576
2021/06/04 15:13:40 [notice] 1#1: start worker processes
2021/06/04 15:13:40 [notice] 1#1: start worker process 25
2021/06/04 15:18:57 [notice] 1#1: signal 3 (SIGQUIT) received, shutting down
2021/06/04 15:18:57 [notice] 25#25: gracefully shutting down
2021/06/04 15:18:57 [notice] 25#25: exiting
2021/06/04 15:18:57 [notice] 25#25: exit
2021/06/04 15:18:57 [notice] 1#1: signal 17 (SIGCHLD) received from 25
2021/06/04 15:18:57 [notice] 1#1: worker process 25 exited with code 0
2021/06/04 15:18:57 [notice] 1#1: exit
2021/06/04 15:19:07 [notice] 1#1: using the "epoll" event method
2021/06/04 15:19:07 [notice] 1#1: nginx/1.19.7
2021/06/04 15:19:07 [notice] 1#1: built by gcc 10.2.1 20201203 (Alpine 10.2.1_pre1) 
2021/06/04 15:19:07 [notice] 1#1: OS: Linux 5.10.25-linuxkit
2021/06/04 15:19:07 [notice] 1#1: getrlimit(RLIMIT_NOFILE): 1048576:1048576
2021/06/04 15:19:07 [notice] 1#1: start worker processes
2021/06/04 15:19:07 [notice] 1#1: start worker process 25
2021/06/04 15:19:40 [notice] 1#1: signal 3 (SIGQUIT) received, shutting down
2021/06/04 15:19:40 [notice] 25#25: gracefully shutting down
2021/06/04 15:19:40 [notice] 25#25: exiting
2021/06/04 15:19:40 [notice] 25#25: exit
2021/06/04 15:19:40 [notice] 1#1: signal 17 (SIGCHLD) received from 25
2021/06/04 15:19:40 [notice] 1#1: worker process 25 exited with code 0
2021/06/04 15:19:40 [notice] 1#1: exit
2021/06/04 15:19:57 [notice] 1#1: using the "epoll" event method
2021/06/04 15:19:57 [notice] 1#1: nginx/1.19.7
2021/06/04 15:19:57 [notice] 1#1: built by gcc 10.2.1 20201203 (Alpine 10.2.1_pre1) 
2021/06/04 15:19:57 [notice] 1#1: OS: Linux 5.10.25-linuxkit
2021/06/04 15:19:57 [notice] 1#1: getrlimit(RLIMIT_NOFILE): 1048576:1048576
2021/06/04 15:19:57 [notice] 1#1: start worker processes
2021/06/04 15:19:57 [notice] 1#1: start worker process 25
