2021/05/29 23:55:09 [notice] 1#1: using the "epoll" event method
2021/05/29 23:55:09 [notice] 1#1: nginx/1.19.7
2021/05/29 23:55:09 [notice] 1#1: built by gcc 10.2.1 20201203 (Alpine 10.2.1_pre1) 
2021/05/29 23:55:09 [notice] 1#1: OS: Linux 5.10.25-linuxkit
2021/05/29 23:55:09 [notice] 1#1: getrlimit(RLIMIT_NOFILE): 1048576:1048576
2021/05/29 23:55:09 [notice] 1#1: start worker processes
2021/05/29 23:55:09 [notice] 1#1: start worker process 33
2021/05/29 23:55:19 [error] 33#33: *1 "/docker/home/index.html" is not found (2: No such file or directory), client: 172.31.0.1, server: _, request: "GET / HTTP/1.1", host: "localhost"
2021/05/29 23:55:21 [error] 33#33: *1 "/docker/home/index.html" is not found (2: No such file or directory), client: 172.31.0.1, server: _, request: "GET / HTTP/1.1", host: "localhost"
2021/05/29 23:58:21 [notice] 1#1: signal 3 (SIGQUIT) received, shutting down
2021/05/29 23:58:21 [notice] 33#33: gracefully shutting down
2021/05/29 23:58:21 [notice] 33#33: exiting
2021/05/29 23:58:21 [notice] 33#33: exit
2021/05/29 23:58:22 [notice] 1#1: signal 17 (SIGCHLD) received from 33
2021/05/29 23:58:22 [notice] 1#1: worker process 33 exited with code 0
2021/05/29 23:58:22 [notice] 1#1: exit
2021/05/29 23:58:37 [notice] 1#1: using the "epoll" event method
2021/05/29 23:58:37 [notice] 1#1: nginx/1.19.7
2021/05/29 23:58:37 [notice] 1#1: built by gcc 10.2.1 20201203 (Alpine 10.2.1_pre1) 
2021/05/29 23:58:37 [notice] 1#1: OS: Linux 5.10.25-linuxkit
2021/05/29 23:58:37 [notice] 1#1: getrlimit(RLIMIT_NOFILE): 1048576:1048576
2021/05/29 23:58:37 [notice] 1#1: start worker processes
2021/05/29 23:58:37 [notice] 1#1: start worker process 33
2021/05/29 23:58:40 [error] 33#33: *1 "/docker/home/default/index.html" is not found (2: No such file or directory), client: 192.168.0.1, server: _, request: "GET / HTTP/1.1", host: "localhost"
2021/05/29 23:58:41 [error] 33#33: *1 "/docker/home/default/index.html" is not found (2: No such file or directory), client: 192.168.0.1, server: _, request: "GET / HTTP/1.1", host: "localhost"
2021/05/29 23:58:42 [error] 33#33: *1 "/docker/home/default/index.html" is not found (2: No such file or directory), client: 192.168.0.1, server: _, request: "GET / HTTP/1.1", host: "localhost"
2021/05/30 00:01:36 [notice] 1#1: signal 3 (SIGQUIT) received, shutting down
2021/05/30 00:01:36 [notice] 33#33: gracefully shutting down
2021/05/30 00:01:36 [notice] 33#33: exiting
2021/05/30 00:01:36 [notice] 33#33: exit
2021/05/30 00:01:36 [notice] 1#1: signal 17 (SIGCHLD) received from 33
2021/05/30 00:01:36 [notice] 1#1: worker process 33 exited with code 0
2021/05/30 00:01:36 [notice] 1#1: exit
2021/05/30 00:01:51 [notice] 1#1: using the "epoll" event method
2021/05/30 00:01:51 [notice] 1#1: nginx/1.19.7
2021/05/30 00:01:51 [notice] 1#1: built by gcc 10.2.1 20201203 (Alpine 10.2.1_pre1) 
2021/05/30 00:01:51 [notice] 1#1: OS: Linux 5.10.25-linuxkit
2021/05/30 00:01:51 [notice] 1#1: getrlimit(RLIMIT_NOFILE): 1048576:1048576
2021/05/30 00:01:51 [notice] 1#1: start worker processes
2021/05/30 00:01:51 [notice] 1#1: start worker process 33
2021/05/30 00:03:38 [notice] 1#1: signal 3 (SIGQUIT) received, shutting down
2021/05/30 00:03:38 [notice] 33#33: gracefully shutting down
2021/05/30 00:03:38 [notice] 33#33: exiting
2021/05/30 00:03:38 [notice] 33#33: exit
2021/05/30 00:03:38 [notice] 1#1: signal 17 (SIGCHLD) received from 33
2021/05/30 00:03:38 [notice] 1#1: worker process 33 exited with code 0
2021/05/30 00:03:38 [notice] 1#1: exit
2021/05/30 00:03:55 [notice] 1#1: using the "epoll" event method
2021/05/30 00:03:55 [notice] 1#1: nginx/1.19.7
2021/05/30 00:03:55 [notice] 1#1: built by gcc 10.2.1 20201203 (Alpine 10.2.1_pre1) 
2021/05/30 00:03:55 [notice] 1#1: OS: Linux 5.10.25-linuxkit
2021/05/30 00:03:55 [notice] 1#1: getrlimit(RLIMIT_NOFILE): 1048576:1048576
2021/05/30 00:03:55 [notice] 1#1: start worker processes
2021/05/30 00:03:55 [notice] 1#1: start worker process 33
